<?xml version="1.0" encoding="UTF-8"?>
<testng-results skipped="0" failed="0" ignored="0" total="1" passed="1">
  <reporter-output>
    <line>
      <![CDATA[***In clickIfElementXPATHPresent***]]>
    </line>
    <line>
      <![CDATA[***In waitForElementByXPATH***]]>
    </line>
    <line>
      <![CDATA[Element elementID found: //a[@href='https://www.uptake.com/about']/span]]>
    </line>
    <line>
      <![CDATA[***In clickIfElementLinktextPresent***]]>
    </line>
    <line>
      <![CDATA[***In waitForElementByLinktext***]]>
    </line>
    <line>
      <![CDATA[Element elementLinkText found: Privacy Policy]]>
    </line>
    <line>
      <![CDATA[***In clickIfelementClassNamePresent***]]>
    </line>
    <line>
      <![CDATA[***In waitForelementClassName***]]>
    </line>
    <line>
      <![CDATA[Element elementName found: heading__heading]]>
    </line>
  </reporter-output>
  <suite name="Default suite" duration-ms="19962" started-at="2018-01-04T18:04:21Z" finished-at="2018-01-04T18:04:41Z">
    <groups>
    </groups>
    <test name="Default test" duration-ms="19962" started-at="2018-01-04T18:04:21Z" finished-at="2018-01-04T18:04:41Z">
      <class name="uptake.demo.Demo">
        <test-method status="PASS" signature="setUp()[pri:0, instance:uptake.demo.Demo@396a51ab]" name="setUp" is-config="true" duration-ms="9107" started-at="2018-01-04T12:04:21Z" finished-at="2018-01-04T12:04:30Z">
          <reporter-output>
          </reporter-output>
        </test-method> <!-- setUp -->
        <test-method status="PASS" signature="homePageValidation()[pri:0, instance:uptake.demo.Demo@396a51ab]" name="homePageValidation" duration-ms="9017" started-at="2018-01-04T12:04:30Z" finished-at="2018-01-04T12:04:39Z">
          <reporter-output>
            <line>
              <![CDATA[***In clickIfElementXPATHPresent***]]>
            </line>
            <line>
              <![CDATA[***In waitForElementByXPATH***]]>
            </line>
            <line>
              <![CDATA[Element elementID found: //a[@href='https://www.uptake.com/about']/span]]>
            </line>
            <line>
              <![CDATA[***In clickIfElementLinktextPresent***]]>
            </line>
            <line>
              <![CDATA[***In waitForElementByLinktext***]]>
            </line>
            <line>
              <![CDATA[Element elementLinkText found: Privacy Policy]]>
            </line>
            <line>
              <![CDATA[***In clickIfelementClassNamePresent***]]>
            </line>
            <line>
              <![CDATA[***In waitForelementClassName***]]>
            </line>
            <line>
              <![CDATA[Element elementName found: heading__heading]]>
            </line>
          </reporter-output>
        </test-method> <!-- homePageValidation -->
        <test-method status="PASS" signature="tearDown()[pri:0, instance:uptake.demo.Demo@396a51ab]" name="tearDown" is-config="true" duration-ms="1771" started-at="2018-01-04T12:04:39Z" finished-at="2018-01-04T12:04:41Z">
          <reporter-output>
          </reporter-output>
        </test-method> <!-- tearDown -->
      </class> <!-- uptake.demo.Demo -->
    </test> <!-- Default test -->
  </suite> <!-- Default suite -->
</testng-results>
